\BOOKMARK [0][-]{chapter*.1}{\376\377\144\130\000\040\211\201}{}% 1
\BOOKMARK [0][-]{chapter*.2}{\376\377\000A\000B\000S\000T\000R\000A\000C\000T}{}% 2
\BOOKMARK [0][-]{chapter.1}{\376\377\173\054\0001\172\340\000\040\000\040\176\352\213\272}{}% 3
\BOOKMARK [1][-]{section.1.1}{\376\377\0001\000.\0001\000\040\170\024\172\166\200\314\146\157\123\312\141\017\116\111}{chapter.1}% 4
\BOOKMARK [1][-]{section.1.2}{\376\377\0001\000.\0002\000\040\126\375\121\205\131\026\170\024\172\166\163\260\162\266}{chapter.1}% 5
\BOOKMARK [1][-]{section.1.3}{\376\377\0001\000.\0003\000\040\147\054\145\207\166\204\116\073\211\201\135\345\117\134}{chapter.1}% 6
\BOOKMARK [0][-]{chapter.2}{\376\377\173\054\0002\172\340\000\040\000\040\164\006\213\272\116\016\142\200\147\057\127\372\170\100}{}% 7
\BOOKMARK [1][-]{section.2.1}{\376\377\0002\000.\0001\000\040\123\073\133\146\137\161\120\317\166\204\142\020\120\317\142\200\147\057\123\237\164\006}{chapter.2}% 8
\BOOKMARK [1][-]{section.2.2}{\376\377\0002\000.\0002\000\040\146\172\200\375\137\161\120\317\176\304\133\146\142\200\147\057\166\204\140\047\200\375\213\304\117\060}{chapter.2}% 9
\BOOKMARK [1][-]{section.2.3}{\376\377\0002\000.\0003\000\040\147\054\172\340\134\017\176\323}{chapter.2}% 10
\BOOKMARK [0][-]{chapter.3}{\376\377\173\054\0003\172\340\000\040\000\040\131\032\152\041\140\001\201\021\137\161\120\317\166\204\146\172\200\375\217\205\122\251\207\215\124\010}{}% 11
\BOOKMARK [1][-]{section.3.1}{\376\377\0003\000.\0001\000\040\127\372\116\216\201\021\137\161\120\317\166\204\116\064\136\212\213\355\116\111\137\025\133\374\207\215\124\010}{chapter.3}% 12
\BOOKMARK [1][-]{section.3.2}{\376\377\0003\000.\0002\000\040\127\372\116\216\201\021\137\161\120\317\166\204\131\032\176\364\162\171\137\201\201\352\220\002\136\224\207\215\124\010}{chapter.3}% 13
\BOOKMARK [1][-]{section.3.3}{\376\377\0003\000.\0003\000\040\147\054\172\340\134\017\176\323}{chapter.3}% 14
\BOOKMARK [0][-]{chapter.4}{\376\377\173\054\0004\172\340\000\040\000\040\226\077\134\024\203\050\155\167\236\330\165\307\166\204\146\172\200\375\217\205\122\251\122\006\174\173}{}% 15
\BOOKMARK [1][-]{section.4.1}{\376\377\0004\000.\0001\000\040\137\025\212\000}{chapter.4}% 16
\BOOKMARK [1][-]{section.4.2}{\376\377\0004\000.\0002\000\040\166\370\121\163\135\345\117\134}{chapter.4}% 17
\BOOKMARK [1][-]{section.4.3}{\376\377\0004\000.\0003\000\040\176\306\174\222\136\246\131\032\122\006\174\173\166\204\217\205\122\251\213\312\145\255\177\121\176\334}{chapter.4}% 18
\BOOKMARK [1][-]{section.4.4}{\376\377\0004\000.\0004\000\040\176\306\174\222\136\246\131\032\122\006\174\173\166\204\133\236\232\214}{chapter.4}% 19
\BOOKMARK [1][-]{section.4.5}{\376\377\0004\000.\0005\000\040\147\054\172\340\134\017\176\323}{chapter.4}% 20
\BOOKMARK [0][-]{chapter.5}{\376\377\173\054\0005\172\340\000\040\000\040\136\025\221\321\150\356\165\276\165\305\166\204\146\172\200\375\217\205\122\251\230\204\155\113}{}% 21
\BOOKMARK [1][-]{section.5.1}{\376\377\0005\000.\0001\000\040\137\025\212\000}{chapter.5}% 22
\BOOKMARK [1][-]{section.5.2}{\376\377\0005\000.\0002\000\040\127\372\116\216\147\072\126\150\133\146\116\140\166\204\146\172\200\375\217\205\122\251\230\204\155\113\142\200\147\057}{chapter.5}% 23
\BOOKMARK [1][-]{section.5.3}{\376\377\0005\000.\0003\000\040\116\064\136\212\117\341\140\157\116\073\133\374\166\204\146\172\200\375\217\205\122\251\217\333\134\125\230\204\155\113}{chapter.5}% 24
\BOOKMARK [1][-]{section.5.4}{\376\377\0005\000.\0004\000\040\147\054\172\340\134\017\176\323}{chapter.5}% 25
\BOOKMARK [0][-]{chapter.6}{\376\377\173\054\0006\172\340\000\040\000\040\140\073\176\323\116\016\134\125\147\033}{}% 26
\BOOKMARK [0][-]{appendix*.5}{\376\377\123\302\200\003\145\207\163\056}{}% 27
\BOOKMARK [0][-]{appendix*.6}{\376\377\173\200\171\360\122\027\210\150}{}% 28
\BOOKMARK [0][-]{appendix*.7}{\376\377\145\073\213\373\123\132\130\353\133\146\117\115\147\037\225\364\123\321\210\150\166\204\145\207\172\340\166\356\137\125}{}% 29
\BOOKMARK [0][-]{appendix*.8}{\376\377\145\073\213\373\123\132\130\353\133\146\117\115\147\037\225\364\123\302\116\016\166\204\230\171\166\356\166\356\137\125}{}% 30
\BOOKMARK [0][-]{appendix*.9}{\376\377\201\364\000\040\214\042}{}% 31
